<?xml version="1.0" encoding="UTF-8"?>
<testsuite xmlns:xsi="http://www.w3.org/2001/XMLSchema-instance" xsi:noNamespaceSchemaLocation="https://maven.apache.org/surefire/maven-surefire-plugin/xsd/surefire-test-report.xsd" name="TestWx" time="0.758" tests="1" errors="1" skipped="0" failures="0">
  <properties>
[...]
</properties>
  <testcase name="testToken" classname="TestWx" time="0.732">
    <error message="JSONObject[&quot;access_token&quot;] not found." type="net.sf.json.JSONException">net.sf.json.JSONException: JSONObject["access_token"] not found.
	at TestWx.testToken(TestWx.java:12)
</error>
  </testcase>
</testsuite>